+run
Starting program: C:\FPC_Advanced\fpc-advanced-classroom-1st-year-assignment-Sanjay2408\set02/./problem04.exe 
[New Thread 18364.0x994]
[New Thread 18364.0x2478]
[Inferior 1 (process 18364) exited normally]
+l
1	#include <stdio.h>
2	int input_array_size();
3	void input_array(int n, int a[n]);
4	int sum_composite_numbers(int n, int a[n]);
5	void output(int sum);
6	int main()
7	{
8	    int n,sum;
9	    n=input_array_size();
10	    int a[n];
+l
11	    input_array(n,a);
12	    sum = sum_composite_numbers(n,a);
13	    output(sum);
14	    return 0;
15	}
16	int input_array_size()
17	{
18	 int n;
19	 printf("Enter the size of array\n");
20	 scanf("%d",&n);
+l
21	 return n;
22	}
23	void input_array(int n, int a[n])
24	{
25	 int i;
26	 printf("Enter the array elements\n");
27	 for(i=0;i<n;i++)
28	 {
29	    scanf("%d",&a[i]);
30	 }
+b 32
Breakpoint 1 at 0x40157e: file c:\FPC_Advanced\fpc-advanced-classroom-1st-year-assignment-Sanjay2408\set02\problem04.c, line 32.
+b 46
Breakpoint 2 at 0x4015fa: file c:\FPC_Advanced\fpc-advanced-classroom-1st-year-assignment-Sanjay2408\set02\problem04.c, line 46.
+info b
Num     Type           Disp Enb Address    What
1       breakpoint     keep y   0x0040157e in sum_composite_numbers 
                                           at c:\FPC_Advanced\fpc-advanced-classroom-1st-year-assignment-Sanjay2408\set02\problem04.c:32
2       breakpoint     keep y   0x004015fa in sum_composite_numbers 
                                           at c:\FPC_Advanced\fpc-advanced-classroom-1st-year-assignment-Sanjay2408\set02\problem04.c:46
+r
Starting program: C:\FPC_Advanced\fpc-advanced-classroom-1st-year-assignment-Sanjay2408\set02/./problem04.exe 
[New Thread 17844.0x2c8c]
[New Thread 17844.0x4f04]

Breakpoint 1, sum_composite_numbers (n=2, a=0x61fee8)
    at c:\FPC_Advanced\fpc-advanced-classroom-1st-year-assignment-Sanjay2408\set02\problem04.c:34
34	int i,j,sum=0;
+q
A debugging session is active.

	Inferior 1 [process 17844] will be killed.

Quit anyway? (y or n) error return ../../gdb-7.6.1/gdb/windows-nat.c:1275 was 5
