+b 8
Breakpoint 1 at 0x40146e: file c:\FPC_Advanced\fpc-advanced-classroom-1st-year-assignment-Sanjay2408\set02\problem01.c, line 8.
+b 14
Breakpoint 2 at 0x4014cb: file c:\FPC_Advanced\fpc-advanced-classroom-1st-year-assignment-Sanjay2408\set02\problem01.c, line 14.
+b 21
Breakpoint 3 at 0x401506: file c:\FPC_Advanced\fpc-advanced-classroom-1st-year-assignment-Sanjay2408\set02\problem01.c, line 21.
+info b
Num     Type           Disp Enb Address    What
1       breakpoint     keep y   0x0040146e in main 
                                           at c:\FPC_Advanced\fpc-advanced-classroom-1st-year-assignment-Sanjay2408\set02\problem01.c:8
2       breakpoint     keep y   0x004014cb in input 
                                           at c:\FPC_Advanced\fpc-advanced-classroom-1st-year-assignment-Sanjay2408\set02\problem01.c:14
3       breakpoint     keep y   0x00401506 in find_area 
                                           at c:\FPC_Advanced\fpc-advanced-classroom-1st-year-assignment-Sanjay2408\set02\problem01.c:21
+r
Starting program: c:\FPC_Advanced\fpc-advanced-classroom-1st-year-assignment-Sanjay2408\set02/./problem01.exe 
[New Thread 15996.0x55fc]
[New Thread 15996.0x1700]

Breakpoint 1, main ()
    at c:\FPC_Advanced\fpc-advanced-classroom-1st-year-assignment-Sanjay2408\set02\problem01.c:8
warning: Source file is more recent than executable.
8	    input(&base, &height);
+n

Breakpoint 2, input (base=0x61ff1c, height=0x61ff18)
    at c:\FPC_Advanced\fpc-advanced-classroom-1st-year-assignment-Sanjay2408\set02\problem01.c:15
15	    printf("Enter the Base and Height of the triangle\n");
+n
16	    scanf("%f", base);
+n
17	    scanf("%f", height);
+n
18	}
+n
main ()
    at c:\FPC_Advanced\fpc-advanced-classroom-1st-year-assignment-Sanjay2408\set02\problem01.c:9
9	    find_area(base, height, &area);
+n

Breakpoint 3, find_area (base=3.68489928e-039, height=0, 
    area=0x61ff14)
    at c:\FPC_Advanced\fpc-advanced-classroom-1st-year-assignment-Sanjay2408\set02\problem01.c:21
21	    *area = 0.5 * base * height;
+n
22	}
+n
main ()
    at c:\FPC_Advanced\fpc-advanced-classroom-1st-year-assignment-Sanjay2408\set02\problem01.c:10
10	    output(base, height, area);
+n
11	    return 0;
+q
A debugging session is active.

	Inferior 1 [process 15996] will be killed.

Quit anyway? (y or n) 
error return ../../gdb-7.6.1/gdb/windows-nat.c:1275 was 5
