+b 38
Breakpoint 1 at 0x4015d6: file c:\FPC_Advanced\fpc-advanced-classroom-1st-year-assignment-Sanjay2408\psc_see\problem02.c, line 38.
+b 67
Breakpoint 2 at 0x401698: file c:\FPC_Advanced\fpc-advanced-classroom-1st-year-assignment-Sanjay2408\psc_see\problem02.c, line 67.
+r
Starting program: c:\FPC_Advanced\fpc-advanced-classroom-1st-year-assignment-Sanjay2408\psc_see/./problem02.exe 
[New Thread 11364.0x1820]
[New Thread 11364.0x38e0]

Breakpoint 1, factorial (n=2, a=0x61fedc, b=0x61fecc)
    at c:\FPC_Advanced\fpc-advanced-classroom-1st-year-assignment-Sanjay2408\psc_see\problem02.c:40
40	    for (int i = 0; i < n; i++)
+n
42	        int j = 1;
+n
43	        int factorial = 1;
+n
44	        while (factorial < a[i])
+n
49	        if (factorial == a[i])
+n
51	            b[i] = j;
+n
40	    for (int i = 0; i < n; i++)
+n
42	        int j = 1;
+n
43	        int factorial = 1;
+n
44	        while (factorial < a[i])
+n
46	            j++;
+n
47	            factorial *= j;
+n
44	        while (factorial < a[i])
+n
49	        if (factorial == a[i])
+n
51	            b[i] = j;
+n
40	    for (int i = 0; i < n; i++)
+n
58	}
+n
main () at c:\FPC_Advanced\fpc-advanced-classroom-1st-year-assignment-Sanjay2408\psc_see\problem02.c:17
17	    output(n, b,a);
+q
A debugging session is active.

	Inferior 1 [process 11364] will be killed.

Quit anyway? (y or n) error return ../../gdb-7.6.1/gdb/windows-nat.c:1275 was 5
