+b 20
Breakpoint 1 at 0x4014d2: file c:\FPC_Advanced\fpc-advanced-classroom-1st-year-assignment-Sanjay2408\psc_see\problem01.c, line 20.
+b 31
Breakpoint 2 at 0x4014f0: file c:\FPC_Advanced\fpc-advanced-classroom-1st-year-assignment-Sanjay2408\psc_see\problem01.c, line 31.
+r
Starting program: c:\FPC_Advanced\fpc-advanced-classroom-1st-year-assignment-Sanjay2408\psc_see/./problem01.exe 
[New Thread 9328.0x2054]
[New Thread 9328.0x3bcc]

Breakpoint 1, factorial (x=6) at c:\FPC_Advanced\fpc-advanced-classroom-1st-year-assignment-Sanjay2408\psc_see\problem01.c:22
22	    int fact=0;
+n
23	 for(int i=1;i<=x/2;i++)
+n

Breakpoint 2, factorial (x=6) at c:\FPC_Advanced\fpc-advanced-classroom-1st-year-assignment-Sanjay2408\psc_see\problem01.c:31
31	return fact;
+print fact
$1 = 0
+printf fact
Bad format string, missing '"'.
+q
A debugging session is active.

	Inferior 1 [process 9328] will be killed.

Quit anyway? (y or n) error return ../../gdb-7.6.1/gdb/windows-nat.c:1275 was 5
+b 20
Breakpoint 1 at 0x4014d2: file c:\FPC_Advanced\fpc-advanced-classroom-1st-year-assignment-Sanjay2408\psc_see\problem01.c, line 20.
+b 45
Breakpoint 2 at 0x401517: file c:\FPC_Advanced\fpc-advanced-classroom-1st-year-assignment-Sanjay2408\psc_see\problem01.c, line 45.
+r
Starting program: c:\FPC_Advanced\fpc-advanced-classroom-1st-year-assignment-Sanjay2408\psc_see/./problem01.exe 
[New Thread 20304.0x1208]
[New Thread 20304.0x56c8]

Breakpoint 1, factorial (x=4) at c:\FPC_Advanced\fpc-advanced-classroom-1st-year-assignment-Sanjay2408\psc_see\problem01.c:23
warning: Source file is more recent than executable.
23	    for(int i=1;i<=x;i++)
+n
25	        if ((x==1))
+n
31	    if ((x==2))
+n
37	     if (x%i == 0)
+n
39	        fact = i ;
+n
23	    for(int i=1;i<=x;i++)
+n
25	        if ((x==1))
+n
31	    if ((x==2))
+n
37	     if (x%i == 0)
+n
39	        fact = i ;
+n
23	    for(int i=1;i<=x;i++)
+n
25	        if ((x==1))
+n
31	    if ((x==2))
+n
37	     if (x%i == 0)
+n
43	        break;
+q
A debugging session is active.

	Inferior 1 [process 20304] will be killed.

Quit anyway? (y or n) error return ../../gdb-7.6.1/gdb/windows-nat.c:1275 was 5
+b 20
Breakpoint 1 at 0x4014d2: file c:\FPC_Advanced\fpc-advanced-classroom-1st-year-assignment-Sanjay2408\psc_see\problem01.c, line 20.
+b 45
Breakpoint 2 at 0x40151b: file c:\FPC_Advanced\fpc-advanced-classroom-1st-year-assignment-Sanjay2408\psc_see\problem01.c, line 45.
+r
Starting program: c:\FPC_Advanced\fpc-advanced-classroom-1st-year-assignment-Sanjay2408\psc_see/./problem01.exe 
[New Thread 14060.0xd90]
[New Thread 14060.0x4148]

Breakpoint 1, factorial (x=6) at c:\FPC_Advanced\fpc-advanced-classroom-1st-year-assignment-Sanjay2408\psc_see\problem01.c:23
23	    if ((x==1))
+n
27	    for(int i=1;i<=x/2;i++)
+n
29	    if ((x==2))
+n
35	     if (x%i == 0)
+n
37	        fact = i ;
+n
43	    break;
+n

Breakpoint 2, factorial (x=6) at c:\FPC_Advanced\fpc-advanced-classroom-1st-year-assignment-Sanjay2408\psc_see\problem01.c:46
46	return fact;
+cd "c:\FPC_Advanced\fpc-advanced-classroom-1st-year-assignment-Sanjay2408\psc_see"
"c:\FPC_Advanced\fpc-advanced-classroom-1st-year-assignment-Sanjay2408\psc_see": Invalid argument.
+gcc -g "c:\FPC_Advanced\fpc-advanced-classroom-1st-year-assignment-Sanjay2408\psc_see\problem01.c" -o "c:\FPC_Advanced\fpc-advanced-classroom-1st-year-assignment-Sanjay2408\psc_see\problem01.exe" 2>&1
Undefined command: "gcc".  Try "help".
+q
A debugging session is active.

	Inferior 1 [process 14060] will be killed.

Quit anyway? (y or n) error return ../../gdb-7.6.1/gdb/windows-nat.c:1275 was 5
+b 20
Breakpoint 1 at 0x4014d2: file c:\FPC_Advanced\fpc-advanced-classroom-1st-year-assignment-Sanjay2408\psc_see\problem01.c, line 20.
+b 45
Breakpoint 2 at 0x401529: file c:\FPC_Advanced\fpc-advanced-classroom-1st-year-assignment-Sanjay2408\psc_see\problem01.c, line 45.
+r
Starting program: c:\FPC_Advanced\fpc-advanced-classroom-1st-year-assignment-Sanjay2408\psc_see/./problem01.exe 
[New Thread 24148.0x4d20]
[New Thread 24148.0x610c]

Breakpoint 1, factorial (x=4) at c:\FPC_Advanced\fpc-advanced-classroom-1st-year-assignment-Sanjay2408\psc_see\problem01.c:23
23	    if(x==1)
+n
27	    else if(x==2)
+n
31	    for(int i=1;i<=x;i++)
+n
33	        while(i=i*(i+1))
+n
35	        if(x % i ==0)
+print i
$1 = 2
+n
37	            fact = i;
+n
33	        while(i=i*(i+1))
+n
35	        if(x % i ==0)
+print i
$2 = 6
+n
41	         break;
+q
A debugging session is active.

	Inferior 1 [process 24148] will be killed.

Quit anyway? (y or n) error return ../../gdb-7.6.1/gdb/windows-nat.c:1275 was 5
+b 20
Breakpoint 1 at 0x4014d2: file c:\FPC_Advanced\fpc-advanced-classroom-1st-year-assignment-Sanjay2408\psc_see\problem01.c, line 20.
+b 47
Breakpoint 2 at 0x401539: file c:\FPC_Advanced\fpc-advanced-classroom-1st-year-assignment-Sanjay2408\psc_see\problem01.c, line 47.
+r
Starting program: c:\FPC_Advanced\fpc-advanced-classroom-1st-year-assignment-Sanjay2408\psc_see/./problem01.exe 
[New Thread 16120.0x56ec]
[New Thread 16120.0x42f8]

Breakpoint 1, factorial (x=6) at c:\FPC_Advanced\fpc-advanced-classroom-1st-year-assignment-Sanjay2408\psc_see\problem01.c:23
warning: Source file is more recent than executable.
23	    if(x==1)
+n
27	    else if(x==2)
+n
31	    for(int i=1;i<=x/2;i++)
+n
33	        while(i=i*(i+1))
+n
35	        if(x % i == 0)
+print i
$1 = 2
+n
37	            fact = i;
+n
33	        while(i=i*(i+1))
+n
35	        if(x % i == 0)
+print i
$2 = 6
+n
37	            fact = i;
+n
33	        while(i=i*(i+1))
+q
A debugging session is active.

	Inferior 1 [process 16120] will be killed.

Quit anyway? (y or n) error return ../../gdb-7.6.1/gdb/windows-nat.c:1275 was 5
+b 15
Breakpoint 1 at 0x4014a8: file c:\FPC_Advanced\fpc-advanced-classroom-1st-year-assignment-Sanjay2408\psc_see\problem01.c, line 15.
+b 35
Breakpoint 2 at 0x401514: file c:\FPC_Advanced\fpc-advanced-classroom-1st-year-assignment-Sanjay2408\psc_see\problem01.c, line 35.
+info b
Num     Type           Disp Enb Address    What
1       breakpoint     keep y   0x004014a8 in input 
                                           at c:\FPC_Advanced\fpc-advanced-classroom-1st-year-assignment-Sanjay2408\psc_see\problem01.c:15
2       breakpoint     keep y   0x00401514 in output 
                                           at c:\FPC_Advanced\fpc-advanced-classroom-1st-year-assignment-Sanjay2408\psc_see\problem01.c:35
+r
Starting program: c:\FPC_Advanced\fpc-advanced-classroom-1st-year-assignment-Sanjay2408\psc_see/./problem01.exe 
[New Thread 10492.0x5dcc]
[New Thread 10492.0x6cc4]

Breakpoint 1, input () at c:\FPC_Advanced\fpc-advanced-classroom-1st-year-assignment-Sanjay2408\psc_see\problem01.c:16
warning: Source file is more recent than executable.
16	    int x;
+n
17	    printf("Enter the number to find its factorial factor:\n");
+n
18	    scanf("%d", &x);
+24
Undefined command: "24".  Try "help".
+n
19	    return x;
+n
main () at c:\FPC_Advanced\fpc-advanced-classroom-1st-year-assignment-Sanjay2408\psc_see\problem01.c:9
9	    x = input();
+n
10	    factor = findFactorialFactor(x);
+n

Breakpoint 2, output (x=6422476, fact=0) at c:\FPC_Advanced\fpc-advanced-classroom-1st-year-assignment-Sanjay2408\psc_see\problem01.c:35
35	}
+n
37	void output(int x, int factor) {
+n
41	        printf("%d is not a factorial number\n", x);
+n
main () at c:\FPC_Advanced\fpc-advanced-classroom-1st-year-assignment-Sanjay2408\psc_see\problem01.c:11
11	    output(x, factor);
+n
12	    return 0;
+n
0x00401288 in __register_frame_info ()
+n
Single stepping until exit from function __register_frame_info,
which has no line number information.
0x0040128a in __register_frame_info ()
+r
The program being debugged has been started already.
Start it from the beginning? (y or n) error return ../../gdb-7.6.1/gdb/windows-nat.c:1275 was 5
Starting program: c:\FPC_Advanced\fpc-advanced-classroom-1st-year-assignment-Sanjay2408\psc_see/./problem01.exe 
[New Thread 27988.0x59d0]
[New Thread 27988.0x1280]

Breakpoint 1, input () at c:\FPC_Advanced\fpc-advanced-classroom-1st-year-assignment-Sanjay2408\psc_see\problem01.c:16
16	    int x;
+n
17	    printf("Enter the number to find its factorial factor:\n");
+n
18	    scanf("%d", &x);
+n
19	    return x;
+n
main () at c:\FPC_Advanced\fpc-advanced-classroom-1st-year-assignment-Sanjay2408\psc_see\problem01.c:9
9	    x = input();
+24
Undefined command: "24".  Try "help".
