+l
warning: Source file is more recent than executable.
1	#include <stdio.h>
2	void input_two_strings(char *string1, char *string2);
3	int stringcompare(char *string1, char *string2);
4	void output(char *string1, char *string2, int result);
5	int main()
6	{
7	 int result;
8	 char string1[100],string2[100];
9	 input_two_strings(string1,string2);
10	 result=stringcompare(string1,string2);
+l
11	 output(string1,string2,result);
12	 return 0;
13	}
14	void input_two_strings(char *string1, char *string2)
15	{
16	 printf("Enter the first string\n");
17	 scanf("%s",string1);
18	 printf("Enter the second string\n");
19	 scanf("%s",string2);
20	}
+l
21	int stringcompare(char *string1, char *string2)
22	{
23	 int i;
24	 for(i=0;string1[i]==string2[i] && string1[i]!='\0' && string2[i]!='\0';i++);
25	 {
26	   if (string1[i]>string2[i])
27	    {
28	      return 1;
29	    }
30	   else 
+l
31	   if(string1[i]<string2[i])
32	    {
33	      return 0;
34	    }
35	   else
36	    {
37	      return -1;
38	    }
39	 }
40	}
+b 23
Breakpoint 1 at 0x401513: file c:\FPC_Advanced\fpc-advanced-classroom-1st-year-assignment-Sanjay2408\set01\problem10.c, line 23.
+b41
Undefined command: "b41".  Try "help".
+b 41
Breakpoint 2 at 0x4015a7: file c:\FPC_Advanced\fpc-advanced-classroom-1st-year-assignment-Sanjay2408\set01\problem10.c, line 41.
+b 55
Breakpoint 3 at 0x4015c7: file c:\FPC_Advanced\fpc-advanced-classroom-1st-year-assignment-Sanjay2408\set01\problem10.c, line 55.
+ifo b
Undefined command: "ifo".  Try "help".
+info b
Num     Type           Disp Enb Address    What
1       breakpoint     keep y   0x00401513 in stringcompare 
                                           at c:\FPC_Advanced\fpc-advanced-classroom-1st-year-assignment-Sanjay2408\set01\problem10.c:23
2       breakpoint     keep y   0x004015a7 in output 
                                           at c:\FPC_Advanced\fpc-advanced-classroom-1st-year-assignment-Sanjay2408\set01\problem10.c:41
3       breakpoint     keep y   0x004015c7 in output 
                                           at c:\FPC_Advanced\fpc-advanced-classroom-1st-year-assignment-Sanjay2408\set01\problem10.c:55
+r
Starting program: C:\FPC_Advanced\fpc-advanced-classroom-1st-year-assignment-Sanjay2408\set01/./problem10.exe 
[New Thread 14988.0x24d0]
[New Thread 14988.0x30e4]

Breakpoint 1, stringcompare (string1=0x61feb8 "hello", string2=0x61fe54 "hell")
    at c:\FPC_Advanced\fpc-advanced-classroom-1st-year-assignment-Sanjay2408\set01\problem10.c:24
24	 for(i=0;string1[i]==string2[i] && string1[i]!='\0' && string2[i]!='\0';i++);
+n
26	   if (string1[i]>string2[i])
+n
28	      return 1;
+n
40	}
+n
main () at c:\FPC_Advanced\fpc-advanced-classroom-1st-year-assignment-Sanjay2408\set01\problem10.c:11
11	 output(string1,string2,result);
+n

Breakpoint 2, output (string1=0x61feb8 "hello", string2=0x61fe54 "hell", result=1)
    at c:\FPC_Advanced\fpc-advanced-classroom-1st-year-assignment-Sanjay2408\set01\problem10.c:43
43	 if(result==1)
+n
45	    printf("%s is greater than %s\n",string1,string2);
+n

Breakpoint 3, output (string1=0x61feb8 "hello", string2=0x61fe54 "hell", result=1)
    at c:\FPC_Advanced\fpc-advanced-classroom-1st-year-assignment-Sanjay2408\set01\problem10.c:56
56	}+n
main () at c:\FPC_Advanced\fpc-advanced-classroom-1st-year-assignment-Sanjay2408\set01\problem10.c:12
12	 return 0;
+n
13	}
+n
0x00401288 in __register_frame_info ()
+n
Single stepping until exit from function __register_frame_info,
which has no line number information.
0x0040128a in __register_frame_info ()
+q
A debugging session is active.

	Inferior 1 [process 14988] will be killed.

Quit anyway? (y or n) error return ../../gdb-7.6.1/gdb/windows-nat.c:1275 was 5
