+b 19
Breakpoint 1 at 0x401516: file c:\FPC_Advanced\fpc-advanced-classroom-1st-year-assignment-Sanjay2408\set01\problem06.c, line 19.
+b 38
Breakpoint 2 at 0x40157b: file c:\FPC_Advanced\fpc-advanced-classroom-1st-year-assignment-Sanjay2408\set01\problem06.c, line 38.
+info b
Num     Type           Disp Enb Address    What
1       breakpoint     keep y   0x00401516 in compare 
                                           at c:\FPC_Advanced\fpc-advanced-classroom-1st-year-assignment-Sanjay2408\set01\problem06.c:19
2       breakpoint     keep y   0x0040157b in output 
                                           at c:\FPC_Advanced\fpc-advanced-classroom-1st-year-assignment-Sanjay2408\set01\problem06.c:38
+r
Starting program: c:\FPC_Advanced\fpc-advanced-classroom-1st-year-assignment-Sanjay2408\set01/./problem06.exe 
[New Thread 23008.0x255c]
[New Thread 23008.0x2dd8]

Breakpoint 1, compare (a=2, b=3, c=4, largest=0x61ff10)
    at c:\FPC_Advanced\fpc-advanced-classroom-1st-year-assignment-Sanjay2408\set01\problem06.c:21
warning: Source file is more recent than executable.
21	  if(a>=b && a>=c)
+n
26	  if(b>=c)
+n
32	    *largest=c;
+n
34	}
+n
main () at c:\FPC_Advanced\fpc-advanced-classroom-1st-year-assignment-Sanjay2408\set01\problem06.c:10
10	  output(a,b,c,largest);
+step
output (a=2, b=3, c=4, largest=4) at c:\FPC_Advanced\fpc-advanced-classroom-1st-year-assignment-Sanjay2408\set01\problem06.c:37
37	  printf("the largest of %d,%d and %d is %d",a,b,c,largest);
+n

Breakpoint 2, output (a=2, b=3, c=4, largest=4)
    at c:\FPC_Advanced\fpc-advanced-classroom-1st-year-assignment-Sanjay2408\set01\problem06.c:38
38	}
+n
main () at c:\FPC_Advanced\fpc-advanced-classroom-1st-year-assignment-Sanjay2408\set01\problem06.c:11
11	  return 0;
+n
12	}
+n
0x00401288 in __register_frame_info ()
+q
A debugging session is active.

	Inferior 1 [process 23008] will be killed.

Quit anyway? (y or n) error return ../../gdb-7.6.1/gdb/windows-nat.c:1275 was 5
