+b 23
Breakpoint 1 at 0x401504: file c:\FPC_Advanced\fpc-advanced-classroom-1st-year-assignment-Sanjay2408\set01\problem05.c, line 23.
+b 39
Breakpoint 2 at 0x40153a: file c:\FPC_Advanced\fpc-advanced-classroom-1st-year-assignment-Sanjay2408\set01\problem05.c, line 39.
+b info
Function "info" not defined.
Make breakpoint pending on future shared library load? (y or [n]) +b info
Function "info" not defined.
Make breakpoint pending on future shared library load? (y or [n]) +info b
Num     Type           Disp Enb Address    What
1       breakpoint     keep y   0x00401504 in compare 
                                           at c:\FPC_Advanced\fpc-advanced-classroom-1st-year-assignment-Sanjay2408\set01\problem05.c:23
2       breakpoint     keep y   0x0040153a in compare 
                                           at c:\FPC_Advanced\fpc-advanced-classroom-1st-year-assignment-Sanjay2408\set01\problem05.c:39
+r
Starting program: C:\FPC_Advanced\fpc-advanced-classroom-1st-year-assignment-Sanjay2408\set01/./problem05.exe 
[New Thread 18788.0x19cc]
[New Thread 18788.0x39f0]

Breakpoint 1, compare (a=1, b=2, c=3) at c:\FPC_Advanced\fpc-advanced-classroom-1st-year-assignment-Sanjay2408\set01\problem05.c:26
warning: Source file is more recent than executable.
26	    if(a>=b && a>=c)
+n
31	    if(b>=c && b>=a)
+n
37	        largest =c;   
+n

Breakpoint 2, compare (a=1, b=2, c=3) at c:\FPC_Advanced\fpc-advanced-classroom-1st-year-assignment-Sanjay2408\set01\problem05.c:39
39	    return largest;
+printf largest
Bad format string, missing '"'.
+print largest
$1 = 3
+step
40	}
+n
main () at c:\FPC_Advanced\fpc-advanced-classroom-1st-year-assignment-Sanjay2408\set01\problem05.c:12
12	    output(a,b,c,largest);
+n
13	    return 0;
+step
15	}
+b 23
Note: breakpoint 1 also set at pc 0x401504.
Breakpoint 3 at 0x401504: file c:\FPC_Advanced\fpc-advanced-classroom-1st-year-assignment-Sanjay2408\set01\problem05.c, line 23.
+b39
Undefined command: "b39".  Try "help".
+b 39
Note: breakpoint 2 also set at pc 0x40153a.
Breakpoint 4 at 0x40153a: file c:\FPC_Advanced\fpc-advanced-classroom-1st-year-assignment-Sanjay2408\set01\problem05.c, line 39.
+info b
Num     Type           Disp Enb Address    What
1       breakpoint     keep y   0x00401504 in compare 
                                           at c:\FPC_Advanced\fpc-advanced-classroom-1st-year-assignment-Sanjay2408\set01\problem05.c:23
	breakpoint already hit 1 time
2       breakpoint     keep y   0x0040153a in compare 
                                           at c:\FPC_Advanced\fpc-advanced-classroom-1st-year-assignment-Sanjay2408\set01\problem05.c:39
	breakpoint already hit 1 time
3       breakpoint     keep y   0x00401504 in compare 
                                           at c:\FPC_Advanced\fpc-advanced-classroom-1st-year-assignment-Sanjay2408\set01\problem05.c:23
4       breakpoint     keep y   0x0040153a in compare 
                                           at c:\FPC_Advanced\fpc-advanced-classroom-1st-year-assignment-Sanjay2408\set01\problem05.c:39
+r
The program being debugged has been started already.
Start it from the beginning? (y or n) error return ../../gdb-7.6.1/gdb/windows-nat.c:1275 was 5
Starting program: C:\FPC_Advanced\fpc-advanced-classroom-1st-year-assignment-Sanjay2408\set01/./problem05.exe 
[New Thread 3524.0x4578]
[New Thread 3524.0x3ad4]

Breakpoint 1, compare (a=1, b=2, c=3) at c:\FPC_Advanced\fpc-advanced-classroom-1st-year-assignment-Sanjay2408\set01\problem05.c:26
26	    if(a>=b && a>=c)
+print largest
$2 = 305775191
+n
31	    if(b>=c && b>=a)
+n
37	        largest =c;   
+print largest
$3 = 305775191
+n

Breakpoint 2, compare (a=1, b=2, c=3) at c:\FPC_Advanced\fpc-advanced-classroom-1st-year-assignment-Sanjay2408\set01\problem05.c:39
39	    return largest;
+print largest
$4 = 3
+n
40	}
+step
main () at c:\FPC_Advanced\fpc-advanced-classroom-1st-year-assignment-Sanjay2408\set01\problem05.c:12
12	    output(a,b,c,largest);
+n
13	    return 0;
+n
15	}
+n
0x00401288 in __register_frame_info ()
+n
Single stepping until exit from function __register_frame_info,
which has no line number information.
0x0040128a in __register_frame_info ()
+q
A debugging session is active.

	Inferior 1 [process 3524] will be killed.

Quit anyway? (y or n) error return ../../gdb-7.6.1/gdb/windows-nat.c:1275 was 5
