+l
1	//2. Write a C program to add two numbers.
2	#include <stdio.h>
3	int main()
4	{
5	    int a,b,c=0;
6	    printf("Input two number a,b\n");
7	    scanf("%d %d",&a,&b);
8	    printf("The two numbers are %d and %d\n",a,b);
9	    c=a+b;
10	    printf("The sum of %d and %d is %d",a,b,c);
+l
11	    return 0;
12	}
+r
Starting program: C:\FPC_Advanced\fpc-advanced-classroom-1st-year-assignment-Sanjay2408\set01/./problem02.exe 
[New Thread 19836.0x1908]
[New Thread 19836.0x32b4]
[Inferior 1 (process 19836) exited normally]
+b 5
Breakpoint 1 at 0x40146e: file c:\FPC_Advanced\fpc-advanced-classroom-1st-year-assignment-Sanjay2408\set01\problem02.c, line 5.
+b6
Undefined command: "b6".  Try "help".
+b 6
Breakpoint 2 at 0x401476: file c:\FPC_Advanced\fpc-advanced-classroom-1st-year-assignment-Sanjay2408\set01\problem02.c, line 6.
+info b
Num     Type           Disp Enb Address    What
1       breakpoint     keep y   0x0040146e in main 
                                           at c:\FPC_Advanced\fpc-advanced-classroom-1st-year-assignment-Sanjay2408\set01\problem02.c:5
2       breakpoint     keep y   0x00401476 in main 
                                           at c:\FPC_Advanced\fpc-advanced-classroom-1st-year-assignment-Sanjay2408\set01\problem02.c:6
+r
Starting program: C:\FPC_Advanced\fpc-advanced-classroom-1st-year-assignment-Sanjay2408\set01/./problem02.exe 
[New Thread 1860.0x4990]
[New Thread 1860.0xf64]

Breakpoint 1, main () at c:\FPC_Advanced\fpc-advanced-classroom-1st-year-assignment-Sanjay2408\set01\problem02.c:5
5	    int a,b,c=0;
+print c
$1 = 2478080
+print a
$2 = 0
+print b
$3 = 13178376
+q
A debugging session is active.

	Inferior 1 [process 1860] will be killed.

Quit anyway? (y or n) error return ../../gdb-7.6.1/gdb/windows-nat.c:1275 was 5
+b 5
Breakpoint 1 at 0x40146e: file c:\FPC_Advanced\fpc-advanced-classroom-1st-year-assignment-Sanjay2408\set01\problem02.c, line 5.
+b 10
Breakpoint 2 at 0x4014d8: file c:\FPC_Advanced\fpc-advanced-classroom-1st-year-assignment-Sanjay2408\set01\problem02.c, line 10.
+info b
Num     Type           Disp Enb Address    What
1       breakpoint     keep y   0x0040146e in main 
                                           at c:\FPC_Advanced\fpc-advanced-classroom-1st-year-assignment-Sanjay2408\set01\problem02.c:5
2       breakpoint     keep y   0x004014d8 in main 
                                           at c:\FPC_Advanced\fpc-advanced-classroom-1st-year-assignment-Sanjay2408\set01\problem02.c:10
+r
Starting program: C:\FPC_Advanced\fpc-advanced-classroom-1st-year-assignment-Sanjay2408\set01/./problem02.exe 
[New Thread 22692.0x2d5c]
[New Thread 22692.0x2240]

Breakpoint 1, main () at c:\FPC_Advanced\fpc-advanced-classroom-1st-year-assignment-Sanjay2408\set01\problem02.c:5
5	    int a=0,b=0,c=0;
+print a
$1 = 0
+print b
$2 = 6624776
+print c
$3 = 4042752
+r
The program being debugged has been started already.
Start it from the beginning? (y or n) Program not restarted.
+n
6	    printf("Input two number a,b\n");
+2
Undefined command: "2".  Try "help".
+n
7	    scanf("%d %d",&a,&b);
+n
8	    printf("The two numbers are %d and %d\n",a,b);
+n
9	    c=a+b;
+n

Breakpoint 2, main () at c:\FPC_Advanced\fpc-advanced-classroom-1st-year-assignment-Sanjay2408\set01\problem02.c:10
10	    printf("The sum of %d and %d is %d",a,b,c);
+step
11	    return 0;
+n
12	}
+n
0x00401288 in __register_frame_info ()
+n
Single stepping until exit from function __register_frame_info,
which has no line number information.
0x0040128a in __register_frame_info ()
+n
Single stepping until exit from function __register_frame_info,
which has no line number information.
0x0040128f in __register_frame_info ()
+n
Single stepping until exit from function __register_frame_info,
which has no line number information.
0x00401292 in __register_frame_info ()
+n
Single stepping until exit from function __register_frame_info,
which has no line number information.
[Inferior 1 (process 22692) exited normally]
+n
The program is not being run.
+n
The program is not being run.
+n
The program is not being run.
+n
The program is not being run.
+n
The program is not being run.
+n
The program is not being run.
+n
The program is not being run.
+n
The program is not being run.
+n
The program is not being run.
+n
The program is not being run.
+n
The program is not being run.
+n
The program is not being run.
+r
Starting program: C:\FPC_Advanced\fpc-advanced-classroom-1st-year-assignment-Sanjay2408\set01/./problem02.exe 
[New Thread 23160.0x26ec]
[New Thread 23160.0x3b04]

Breakpoint 1, main () at c:\FPC_Advanced\fpc-advanced-classroom-1st-year-assignment-Sanjay2408\set01\problem02.c:5
5	    int a=0,b=0,c=0;
+disble b
Undefined command: "disble".  Try "help".
+disable b
+r
The program being debugged has been started already.
Start it from the beginning? (y or n) error return ../../gdb-7.6.1/gdb/windows-nat.c:1275 was 5
Starting program: C:\FPC_Advanced\fpc-advanced-classroom-1st-year-assignment-Sanjay2408\set01/./problem02.exe 
[New Thread 23304.0x2744]
[New Thread 23304.0x3af0]
[Inferior 1 (process 23304) exited normally]
+set logging enabled off
Undefined set logging command: "enabled off".  Try "help set logging".
+set loggin off
