+q
+b 12
No symbol table is loaded.  Use the "file" command.
+q
+l 10
No symbol table is loaded.  Use the "file" command.
+l
No symbol table is loaded.  Use the "file" command.
+b
No default breakpoint address now.
+b 10
No symbol table is loaded.  Use the "file" command.
+cd "c:\FPC_Advanced\fpc-advanced-classroom-1st-year-assignment-Sanjay2408\set01"
"c:\FPC_Advanced\fpc-advanced-classroom-1st-year-assignment-Sanjay2408\set01": Invalid argument.
+gcc -g "c:\FPC_Advanced\fpc-advanced-classroom-1st-year-assignment-Sanjay2408\set01\problem11.c" -o "c:\FPC_Advanced\fpc-advanced-classroom-1st-year-assignment-Sanjay2408\set01\problem11.exe" 2>&1
Undefined command: "gcc".  Try "help".
+"c:\FPC_Advanced\fpc-advanced-classroom-1st-year-assignment-Sanjay2408\set01\problem11.exe"
Undefined command: "".  Try "help".
+q
+l
5	 float imaginary;
6	};
7	typedef struct _complex Complex;
8	Complex input_complex();
9	Complex add_complex(Complex a, Complex b);
10	void output(Complex a, Complex b, Complex sum);
11	int main()
12	{
13	    Complex a,b,sum;
14	    a=input_complex();
+l
15	    b=input_complex();
16	    sum=add_complex(a,b);
17	    output(a,b,sum);
18	    return 0;
19	}
20	Complex input_complex()
21	{
22	    Complex x;
23	    printf("Enter a real and imaginary number:\n");
24	    scanf("%f %f",&x.real,&x.imaginary);
+l
25	    return x;
26	}
27	Complex add_complex(Complex a,Complex b)
28	{
29	    Complex sum;
30	    sum.real=a.real+b.real;
31	    sum.imaginary=a.imaginary+b.imaginary;
32	    return sum;
33	}
34	void output(Complex a, Complex b, Complex sum)
+b 8
Breakpoint 1 at 0x40146e: file c:\FPC_Advanced\fpc-advanced-classroom-1st-year-assignment-Sanjay2408\set01\problem11.c, line 8.
+b 33
Breakpoint 2 at 0x401548: file c:\FPC_Advanced\fpc-advanced-classroom-1st-year-assignment-Sanjay2408\set01\problem11.c, line 33.
+info b
Num     Type           Disp Enb Address    What
1       breakpoint     keep y   0x0040146e in main 
                                           at c:\FPC_Advanced\fpc-advanced-classroom-1st-year-assignment-Sanjay2408\set01\problem11.c:8
2       breakpoint     keep y   0x00401548 in add_complex 
                                           at c:\FPC_Advanced\fpc-advanced-classroom-1st-year-assignment-Sanjay2408\set01\problem11.c:33
+r
Starting program: c:\FPC_Advanced\fpc-advanced-classroom-1st-year-assignment-Sanjay2408\set01/./problem11.exe 
[New Thread 3152.0x6474]
[New Thread 3152.0x5e44]

Breakpoint 1, main () at c:\FPC_Advanced\fpc-advanced-classroom-1st-year-assignment-Sanjay2408\set01\problem11.c:14
14	    a=input_complex();
+n
15	    b=input_complex();
+n
16	    sum=add_complex(a,b);
+n

Breakpoint 2, add_complex (a=..., b=...) at c:\FPC_Advanced\fpc-advanced-classroom-1st-year-assignment-Sanjay2408\set01\problem11.c:33
33	}
+n
main () at c:\FPC_Advanced\fpc-advanced-classroom-1st-year-assignment-Sanjay2408\set01\problem11.c:17
17	    output(a,b,sum);
+step
output (a=..., b=..., sum=...) at c:\FPC_Advanced\fpc-advanced-classroom-1st-year-assignment-Sanjay2408\set01\problem11.c:36
36	    printf("The sum  of %f+i%f and %f+i%f is %f + i%f",a.real,a.imaginary,b.real,b.imaginary,sum.real,sum.imaginary);
+n
37	}+n
main () at c:\FPC_Advanced\fpc-advanced-classroom-1st-year-assignment-Sanjay2408\set01\problem11.c:18
18	    return 0;
+q
A debugging session is active.

	Inferior 1 [process 3152] will be killed.

Quit anyway? (y or n) error return ../../gdb-7.6.1/gdb/windows-nat.c:1275 was 5
