+b 6
Breakpoint 1 at 0x40146e: file c:\FPC_Advanced\fpc-advanced-classroom-1st-year-assignment-Sanjay2408\set01\problem07.c, line 6.
+b 28
Breakpoint 2 at 0x4014fe: file c:\FPC_Advanced\fpc-advanced-classroom-1st-year-assignment-Sanjay2408\set01\problem07.c, line 28.
+info b
Num     Type           Disp Enb Address    What
1       breakpoint     keep y   0x0040146e in main 
                                           at c:\FPC_Advanced\fpc-advanced-classroom-1st-year-assignment-Sanjay2408\set01\problem07.c:6
2       breakpoint     keep y   0x004014fe in sum_n_nos 
                                           at c:\FPC_Advanced\fpc-advanced-classroom-1st-year-assignment-Sanjay2408\set01\problem07.c:28
+r
Starting program: c:\FPC_Advanced\fpc-advanced-classroom-1st-year-assignment-Sanjay2408\set01/./problem07.exe 
[New Thread 16860.0x1410]
[New Thread 16860.0x22e4]

Breakpoint 1, main () at c:\FPC_Advanced\fpc-advanced-classroom-1st-year-assignment-Sanjay2408\set01\problem07.c:8
warning: Source file is more recent than executable.
8	    n=input_n();
+r
The program being debugged has been started already.
Start it from the beginning? (y or n) Program not restarted.
+run
The program being debugged has been started already.
Start it from the beginning? (y or n) error return ../../gdb-7.6.1/gdb/windows-nat.c:1275 was 5
Starting program: c:\FPC_Advanced\fpc-advanced-classroom-1st-year-assignment-Sanjay2408\set01/./problem07.exe 
[New Thread 23564.0x3e20]
[New Thread 23564.0x5690]

Breakpoint 1, main () at c:\FPC_Advanced\fpc-advanced-classroom-1st-year-assignment-Sanjay2408\set01\problem07.c:8
8	    n=input_n();
+r
The program being debugged has been started already.
Start it from the beginning? (y or n) error return ../../gdb-7.6.1/gdb/windows-nat.c:1275 was 5
Starting program: c:\FPC_Advanced\fpc-advanced-classroom-1st-year-assignment-Sanjay2408\set01/./problem07.exe 
[New Thread 21412.0x5390]
[New Thread 21412.0x2894]

Breakpoint 1, main () at c:\FPC_Advanced\fpc-advanced-classroom-1st-year-assignment-Sanjay2408\set01\problem07.c:8
8	    n=input_n();
+step
input_n () at c:\FPC_Advanced\fpc-advanced-classroom-1st-year-assignment-Sanjay2408\set01\problem07.c:16
16	    printf("Enter the value of n\n");
+n
17	    scanf("%d",&n);
+n
18	    return n;
+n
19	}
+n
main () at c:\FPC_Advanced\fpc-advanced-classroom-1st-year-assignment-Sanjay2408\set01\problem07.c:9
9	    sum=sum_n_nos(n);
+n

Breakpoint 2, sum_n_nos (n=6422476) at c:\FPC_Advanced\fpc-advanced-classroom-1st-year-assignment-Sanjay2408\set01\problem07.c:28
28	}
+n
main () at c:\FPC_Advanced\fpc-advanced-classroom-1st-year-assignment-Sanjay2408\set01\problem07.c:10
10	    output(n,sum);
+n
11	    return 0;
+n
12	}
+r
The program being debugged has been started already.
Start it from the beginning? (y or n) error return ../../gdb-7.6.1/gdb/windows-nat.c:1275 was 5
Starting program: c:\FPC_Advanced\fpc-advanced-classroom-1st-year-assignment-Sanjay2408\set01/./problem07.exe 
[New Thread 9912.0x51c]
[New Thread 9912.0x4acc]

Breakpoint 1, main () at c:\FPC_Advanced\fpc-advanced-classroom-1st-year-assignment-Sanjay2408\set01\problem07.c:8
8	    n=input_n();
+n
9	    sum=sum_n_nos(n);
+n

Breakpoint 2, sum_n_nos (n=5) at c:\FPC_Advanced\fpc-advanced-classroom-1st-year-assignment-Sanjay2408\set01\problem07.c:28
28	
+n
main () at c:\FPC_Advanced\fpc-advanced-classroom-1st-year-assignment-Sanjay2408\set01\problem07.c:10
10	    output(n,sum);
+n
11	    return 0;
+n
12	}
+n
0x00401288 in __register_frame_info ()
+q
A debugging session is active.

	Inferior 1 [process 9912] will be killed.

Quit anyway? (y or n) error return ../../gdb-7.6.1/gdb/windows-nat.c:1275 was 5
