+b 16
Breakpoint 1 at 0x401519: file c:\FPC_Advanced\fpc-advanced-classroom-1st-year-assignment-Sanjay2408\set01\problem08.c, line 16.
+b 39
Breakpoint 2 at 0x4015bf: file c:\FPC_Advanced\fpc-advanced-classroom-1st-year-assignment-Sanjay2408\set01\problem08.c, line 39.
+info b
Num     Type           Disp Enb Address    What
1       breakpoint     keep y   0x00401519 in input_array_size 
                                           at c:\FPC_Advanced\fpc-advanced-classroom-1st-year-assignment-Sanjay2408\set01\problem08.c:16
2       breakpoint     keep y   0x004015bf in sum_n_array 
                                           at c:\FPC_Advanced\fpc-advanced-classroom-1st-year-assignment-Sanjay2408\set01\problem08.c:39
+step
The program is not being run.
+run
Starting program: c:\FPC_Advanced\fpc-advanced-classroom-1st-year-assignment-Sanjay2408\set01/./problem08.exe 
[New Thread 5104.0x3b34]
[New Thread 5104.0x4990]

Breakpoint 1, input_array_size () at c:\FPC_Advanced\fpc-advanced-classroom-1st-year-assignment-Sanjay2408\set01\problem08.c:19
warning: Source file is more recent than executable.
19	  printf("Enter array size\n");
+5
Undefined command: "5".  Try "help".
+n
20	  scanf("%d",&n);
+n
21	  return n;
+n
22	}
+n
main () at c:\FPC_Advanced\fpc-advanced-classroom-1st-year-assignment-Sanjay2408\set01\problem08.c:10
10	  int a[n];
+n
11	  input_array(n,a);
+n
12	  sum=sum_n_array(n,a);
+n

Breakpoint 2, sum_n_array (n=0, a=0x61feec)
    at c:\FPC_Advanced\fpc-advanced-classroom-1st-year-assignment-Sanjay2408\set01\problem08.c:39
39	}
+n
main () at c:\FPC_Advanced\fpc-advanced-classroom-1st-year-assignment-Sanjay2408\set01\problem08.c:13
13	  output(n,a,sum);
+n
14	  return 0;
+n
15	}
+n
0x00401288 in __register_frame_info ()
+q
A debugging session is active.

	Inferior 1 [process 5104] will be killed.

Quit anyway? (y or n) error return ../../gdb-7.6.1/gdb/windows-nat.c:1275 was 5
